chunk-UIGDSWPH-DDGUW2QL.js:39 Error: Minified React error #418; visit https://reactjs.org/docs/error-decoder.html?invariant=418 for the full message or use the non-minified dev environment for full errors and additional helpful warnings.
    at gu (index-B6uX9a0v.js:22:4788)
    at sa (index-B6uX9a0v.js:24:45647)
    at la (index-B6uX9a0v.js:24:39783)
    at rc (index-B6uX9a0v.js:24:39756)
    at ea (index-B6uX9a0v.js:24:34775)
    at on (index-B6uX9a0v.js:9:1650)
    at MessagePort.Mn (index-B6uX9a0v.js:9:2043)
qn @ chunk-UIGDSWPH-DDGUW2QL.js:39
chunk-UIGDSWPH-DDGUW2QL.js:39 Error: Minified React error #418; visit https://reactjs.org/docs/error-decoder.html?invariant=418 for the full message or use the non-minified dev environment for full errors and additional helpful warnings.
    at gu (index-B6uX9a0v.js:22:4788)
    at sa (index-B6uX9a0v.js:24:45647)
    at la (index-B6uX9a0v.js:24:39783)
    at rc (index-B6uX9a0v.js:24:39756)
    at ea (index-B6uX9a0v.js:24:34775)
    at on (index-B6uX9a0v.js:9:1650)
    at MessagePort.Mn (index-B6uX9a0v.js:9:2043)
qn @ chunk-UIGDSWPH-DDGUW2QL.js:39
index-B6uX9a0v.js:22 Uncaught Error: Minified React error #418; visit https://reactjs.org/docs/error-decoder.html?invariant=418 for the full message or use the non-minified dev environment for full errors and additional helpful warnings.
    at gu (index-B6uX9a0v.js:22:4788)
    at sa (index-B6uX9a0v.js:24:45647)
    at la (index-B6uX9a0v.js:24:39783)
    at rc (index-B6uX9a0v.js:24:39756)
    at ea (index-B6uX9a0v.js:24:34775)
    at on (index-B6uX9a0v.js:9:1650)
    at MessagePort.Mn (index-B6uX9a0v.js:9:2043)
index-B6uX9a0v.js:22 Uncaught Error: Minified React error #418; visit https://reactjs.org/docs/error-decoder.html?invariant=418 for the full message or use the non-minified dev environment for full errors and additional helpful warnings.
    at gu (index-B6uX9a0v.js:22:4788)
    at sa (index-B6uX9a0v.js:24:45647)
    at la (index-B6uX9a0v.js:24:39783)
    at rc (index-B6uX9a0v.js:24:39756)
    at ea (index-B6uX9a0v.js:24:34775)
    at on (index-B6uX9a0v.js:9:1650)
    at MessagePort.Mn (index-B6uX9a0v.js:9:2043)
index-B6uX9a0v.js:24 Uncaught Error: Minified React error #418; visit https://reactjs.org/docs/error-decoder.html?invariant=418 for the full message or use the non-minified dev environment for full errors and additional helpful warnings.
    at gu (index-B6uX9a0v.js:22:4788)
    at sa (index-B6uX9a0v.js:24:45647)
    at la (index-B6uX9a0v.js:24:39783)
    at rc (index-B6uX9a0v.js:24:39756)
    at ea (index-B6uX9a0v.js:24:34775)
    at on (index-B6uX9a0v.js:9:1650)
    at MessagePort.Mn (index-B6uX9a0v.js:9:2043)
index-B6uX9a0v.js:22 Uncaught Error: Minified React error #418; visit https://reactjs.org/docs/error-decoder.html?invariant=418 for the full message or use the non-minified dev environment for full errors and additional helpful warnings.
    at gu (index-B6uX9a0v.js:22:4788)
    at sa (index-B6uX9a0v.js:24:45647)
    at la (index-B6uX9a0v.js:24:39783)
    at rc (index-B6uX9a0v.js:24:39756)
    at ea (index-B6uX9a0v.js:24:34775)
    at on (index-B6uX9a0v.js:9:1650)
    at MessagePort.Mn (index-B6uX9a0v.js:9:2043)
index-B6uX9a0v.js:24 Uncaught Error: Minified React error #423; visit https://reactjs.org/docs/error-decoder.html?invariant=423 for the full message or use the non-minified dev environment for full errors and additional helpful warnings.
    at sa (index-B6uX9a0v.js:24:45307)
    at la (index-B6uX9a0v.js:24:39783)
    at tc (index-B6uX9a0v.js:24:39714)
    at ml (index-B6uX9a0v.js:24:39572)
    at li (index-B6uX9a0v.js:24:35956)
    at ea (index-B6uX9a0v.js:24:34909)
    at on (index-B6uX9a0v.js:9:1650)
    at MessagePort.Mn (index-B6uX9a0v.js:9:2043)
use-editor-flagging-BmVhhsRh.js:228 Canvas2D: Multiple readback operations using getImageData are faster with the willReadFrequently attribute set to true. See: https://html.spec.whatwg.org/multipage/canvas.html#concept-canvas-will-read-frequently
(anonymous) @ use-editor-flagging-BmVhhsRh.js:228
doup-design/:1 Mixed Content: The page at 'https://tasks.doupadvice.com/doup-design/' was loaded over HTTPS, but requested an insecure XMLHttpRequest endpoint 'http://tasks.doupadvice.com/uploads/'. This request has been blocked; the content must be served over HTTPS.
projects-app-provider-CP-SRVHR.js:16 Error uploading cover image: undefined
A @ projects-app-provider-CP-SRVHR.js:16
await in A
(anonymous) @ index.esm-CoDHXyCT.js:1
await in (anonymous)
Ea @ index-B6uX9a0v.js:21
xa @ index-B6uX9a0v.js:21
_a @ index-B6uX9a0v.js:21
Lo @ index-B6uX9a0v.js:21
Mo @ index-B6uX9a0v.js:21
(anonymous) @ index-B6uX9a0v.js:21
ii @ index-B6uX9a0v.js:24
Ii @ index-B6uX9a0v.js:21
iu @ index-B6uX9a0v.js:21
Hl @ index-B6uX9a0v.js:21
Ba @ index-B6uX9a0v.js:21
